8/5/2014 2014:15:34 javier Listener INFO Ciclo numero: 1
8/5/2014 2014:15:34 javier Listener INFO Cantidad de archivos de novedades: 0
8/5/2014 2014:15:44 javier Listener INFO Ciclo numero: 2
8/5/2014 2014:15:44 javier Listener INFO Cantidad de archivos de novedades: 0
8/5/2014 2014:15:54 javier Listener INFO Ciclo numero: 3
8/5/2014 2014:15:54 javier Listener INFO Cantidad de archivos de novedades: 0
8/5/2014 2014:16:4 javier Listener INFO Ciclo numero: 4
8/5/2014 2014:16:4 javier Listener INFO Cantidad de archivos de novedades: 0
8/5/2014 2014:16:14 javier Listener INFO Ciclo numero: 5
8/5/2014 2014:16:14 javier Listener INFO Cantidad de archivos de novedades: 0
8/5/2014 2014:16:24 javier Listener INFO Ciclo numero: 6
8/5/2014 2014:16:24 javier Listener INFO Cantidad de archivos de novedades: 3
8/5/2014 2014:16:24 javier Listener INFO Archivo de lista de compras: ALBANESIVALERIA.SUP aceptado
8/5/2014 2014:16:24 javier Listener INFO Archivo de lista de compras: ALONSOEDITH.002 aceptado
8/5/2014 2014:16:24 javier Listener INFO Archivo de lista de compras: CLARKEMILIO.LI2 aceptado
8/5/2014 2014:16:37 javier Listener INFO Rating corriendo bajo el numero: 
8/5/2014 2014:16:47 javier Listener INFO Ciclo numero: 7
8/5/2014 2014:16:47 javier Listener INFO Cantidad de archivos de novedades: 0
8/5/2014 2014:16:57 javier Listener INFO Ciclo numero: 8
8/5/2014 2014:16:57 javier Listener INFO Cantidad de archivos de novedades: 0
8/5/2014 2014:17:7 javier Listener INFO Ciclo numero: 9
8/5/2014 2014:17:7 javier Listener INFO Cantidad de archivos de novedades: 0
8/5/2014 2014:17:17 javier Listener INFO Ciclo numero: 10
8/5/2014 2014:17:17 javier Listener INFO Cantidad de archivos de novedades: 0
8/5/2014 2014:17:27 javier Listener INFO Ciclo numero: 11
8/5/2014 2014:17:27 javier Listener INFO Cantidad de archivos de novedades: 0
8/5/2014 2014:17:37 javier Listener INFO Ciclo numero: 12
8/5/2014 2014:17:37 javier Listener INFO Cantidad de archivos de novedades: 0
8/5/2014 2014:17:47 javier Listener INFO Ciclo numero: 13
8/5/2014 2014:17:47 javier Listener INFO Cantidad de archivos de novedades: 1
8/5/2014 2014:17:47 javier Listener INFO Archivo de lista de precios: coto112-20140228.LEDOFRANCO aceptado
8/5/2014 2014:18:6 javier Listener INFO Masterlist corriendo bajo el numero: 
8/5/2014 2014:18:16 javier Listener INFO Ciclo numero: 14
8/5/2014 2014:18:16 javier Listener INFO Cantidad de archivos de novedades: 3
8/5/2014 2014:18:16 javier Listener INFO Archivo de lista de compras: ALBANESIVALERIA.SUP aceptado
8/5/2014 2014:18:16 javier Listener INFO Archivo de lista de compras: ALONSOEDITH.002 aceptado
8/5/2014 2014:18:16 javier Listener INFO Archivo de lista de compras: CLARKEMILIO.LI2 aceptado
8/5/2014 2014:18:41 javier Listener INFO Rating corriendo bajo el numero: 
8/5/2014 2014:18:51 javier Listener INFO Ciclo numero: 15
8/5/2014 2014:18:51 javier Listener INFO Cantidad de archivos de novedades: 0
8/5/2014 2014:19:1 javier Listener INFO Ciclo numero: 16
8/5/2014 2014:19:1 javier Listener INFO Cantidad de archivos de novedades: 0
8/5/2014 2014:19:11 javier Listener INFO Ciclo numero: 17
8/5/2014 2014:19:11 javier Listener INFO Cantidad de archivos de novedades: 0
8/5/2014 2014:19:21 javier Listener INFO Ciclo numero: 18
8/5/2014 2014:19:21 javier Listener INFO Cantidad de archivos de novedades: 0
8/5/2014 2014:19:31 javier Listener INFO Ciclo numero: 19
8/5/2014 2014:19:31 javier Listener INFO Cantidad de archivos de novedades: 0
